  modelowaniegeometryczne1.cpp
C:\Program Files (x86)\Microsoft Visual Studio 14.0\VC\include\memory(901): error C2259: 'Cursor3D': cannot instantiate abstract class
  C:\Program Files (x86)\Microsoft Visual Studio 14.0\VC\include\memory(901): note: due to following members:
  C:\Program Files (x86)\Microsoft Visual Studio 14.0\VC\include\memory(901): note: 'void DrawableObject::connectToUI(const Ui_ModelowanieGeometryczne1Class) const': is abstract
  c:\users\andrzej\documents\visual studio 2015\projects\modelowaniegeometryczne1\modelowaniegeometryczne1\drawableObject.h(23): note: see declaration of 'DrawableObject::connectToUI'
  C:\Program Files (x86)\Microsoft Visual Studio 14.0\VC\include\memory(971): note: see reference to function template instantiation 'std::_Ref_count_obj<_Ty>::_Ref_count_obj<DrawableObject::ObjectType>(DrawableObject::ObjectType &&)' being compiled
          with
          [
              _Ty=Cursor3D
          ]
  C:\Program Files (x86)\Microsoft Visual Studio 14.0\VC\include\memory(971): note: see reference to function template instantiation 'std::_Ref_count_obj<_Ty>::_Ref_count_obj<DrawableObject::ObjectType>(DrawableObject::ObjectType &&)' being compiled
          with
          [
              _Ty=Cursor3D
          ]
  modelowaniegeometryczne1.cpp(10): note: see reference to function template instantiation 'std::shared_ptr<Cursor3D> std::make_shared<Cursor3D,DrawableObject::ObjectType>(DrawableObject::ObjectType &&)' being compiled
  point3d.cpp
point3d.cpp(84): error C2511: 'void Point3D::connectToUI(ListWidgetParameters *,ListWidgetObjects *) const': overloaded member function not found in 'Point3D'
  c:\users\andrzej\documents\visual studio 2015\projects\modelowaniegeometryczne1\modelowaniegeometryczne1\uiBezierCurveC0.h(10): note: see declaration of 'Point3D'
point3d.cpp(85): error C2228: left of '.connect' must have class/struct/union
  scene.cpp
C:\Program Files (x86)\Microsoft Visual Studio 14.0\VC\include\memory(901): error C2259: 'BezierCurveC0': cannot instantiate abstract class
  C:\Program Files (x86)\Microsoft Visual Studio 14.0\VC\include\memory(901): note: due to following members:
  C:\Program Files (x86)\Microsoft Visual Studio 14.0\VC\include\memory(901): note: 'void DrawableObject::connectToUI(const Ui_ModelowanieGeometryczne1Class) const': is abstract
  c:\users\andrzej\documents\visual studio 2015\projects\modelowaniegeometryczne1\modelowaniegeometryczne1\drawableObject.h(23): note: see declaration of 'DrawableObject::connectToUI'
  C:\Program Files (x86)\Microsoft Visual Studio 14.0\VC\include\memory(971): note: see reference to function template instantiation 'std::_Ref_count_obj<_Ty>::_Ref_count_obj<DrawableObject::ObjectType,const char(&)[14]>(DrawableObject::ObjectType &&,const char (&)[14])' being compiled
          with
          [
              _Ty=BezierCurveC0
          ]
  C:\Program Files (x86)\Microsoft Visual Studio 14.0\VC\include\memory(971): note: see reference to function template instantiation 'std::_Ref_count_obj<_Ty>::_Ref_count_obj<DrawableObject::ObjectType,const char(&)[14]>(DrawableObject::ObjectType &&,const char (&)[14])' being compiled
          with
          [
              _Ty=BezierCurveC0
          ]
  scene.cpp(69): note: see reference to function template instantiation 'std::shared_ptr<BezierCurveC0> std::make_shared<BezierCurveC0,DrawableObject::ObjectType,const char(&)[14]>(DrawableObject::ObjectType &&,const char (&)[14])' being compiled
C:\Program Files (x86)\Microsoft Visual Studio 14.0\VC\include\memory(901): error C2259: 'Torus': cannot instantiate abstract class
  C:\Program Files (x86)\Microsoft Visual Studio 14.0\VC\include\memory(901): note: due to following members:
  C:\Program Files (x86)\Microsoft Visual Studio 14.0\VC\include\memory(901): note: 'void DrawableObject::connectToUI(const Ui_ModelowanieGeometryczne1Class) const': is abstract
  c:\users\andrzej\documents\visual studio 2015\projects\modelowaniegeometryczne1\modelowaniegeometryczne1\drawableObject.h(23): note: see declaration of 'DrawableObject::connectToUI'
  C:\Program Files (x86)\Microsoft Visual Studio 14.0\VC\include\memory(971): note: see reference to function template instantiation 'std::_Ref_count_obj<_Ty>::_Ref_count_obj<DrawableObject::ObjectType,QString&>(DrawableObject::ObjectType &&,QString &)' being compiled
          with
          [
              _Ty=Torus
          ]
  C:\Program Files (x86)\Microsoft Visual Studio 14.0\VC\include\memory(971): note: see reference to function template instantiation 'std::_Ref_count_obj<_Ty>::_Ref_count_obj<DrawableObject::ObjectType,QString&>(DrawableObject::ObjectType &&,QString &)' being compiled
          with
          [
              _Ty=Torus
          ]
  scene.cpp(240): note: see reference to function template instantiation 'std::shared_ptr<Torus> std::make_shared<Torus,DrawableObject::ObjectType,QString&>(DrawableObject::ObjectType &&,QString &)' being compiled
  Generating Code...
