c:\users\andrzej\documents\vs2015\projects\modelowaniegeometryczne1\modelowaniegeometryczne1\debug\vc140.pdb
c:\users\andrzej\documents\vs2015\projects\modelowaniegeometryczne1\modelowaniegeometryczne1\debug\moc_uibeziercurvec0.obj
c:\users\andrzej\documents\vs2015\projects\modelowaniegeometryczne1\modelowaniegeometryczne1\debug\moc_scene.obj
c:\users\andrzej\documents\vs2015\projects\modelowaniegeometryczne1\modelowaniegeometryczne1\debug\moc_myglwidget.obj
c:\users\andrzej\documents\vs2015\projects\modelowaniegeometryczne1\modelowaniegeometryczne1\debug\moc_modelowaniegeometryczne1.obj
c:\users\andrzej\documents\vs2015\projects\modelowaniegeometryczne1\modelowaniegeometryczne1\debug\moc_listwidgetmain.obj
c:\users\andrzej\documents\vs2015\projects\modelowaniegeometryczne1\modelowaniegeometryczne1\debug\moc_listwidgetbc2.obj
c:\users\andrzej\documents\vs2015\projects\modelowaniegeometryczne1\modelowaniegeometryczne1\debug\moc_listwidgetbc0.obj
c:\users\andrzej\documents\vs2015\projects\modelowaniegeometryczne1\modelowaniegeometryczne1\debug\moc_comboboxtorus.obj
c:\users\andrzej\documents\vs2015\projects\modelowaniegeometryczne1\modelowaniegeometryczne1\debug\moc_comboboxbeziercurvec0.obj
c:\users\andrzej\documents\vs2015\projects\modelowaniegeometryczne1\modelowaniegeometryczne1\debug\drawableobject.obj
c:\users\andrzej\documents\vs2015\projects\modelowaniegeometryczne1\modelowaniegeometryczne1\debug\curvequadratic.obj
c:\users\andrzej\documents\vs2015\projects\modelowaniegeometryczne1\modelowaniegeometryczne1\debug\curvecubic.obj
c:\users\andrzej\documents\vs2015\projects\modelowaniegeometryczne1\modelowaniegeometryczne1\debug\cursor3d.obj
c:\users\andrzej\documents\vs2015\projects\modelowaniegeometryczne1\modelowaniegeometryczne1\debug\comboboxtorus.obj
c:\users\andrzej\documents\vs2015\projects\modelowaniegeometryczne1\modelowaniegeometryczne1\debug\comboboxbeziercurvec0.obj
c:\users\andrzej\documents\vs2015\projects\modelowaniegeometryczne1\modelowaniegeometryczne1\debug\colors.obj
c:\users\andrzej\documents\vs2015\projects\modelowaniegeometryczne1\modelowaniegeometryczne1\debug\camera.obj
c:\users\andrzej\documents\vs2015\projects\modelowaniegeometryczne1\modelowaniegeometryczne1\debug\beziercurvec2.obj
c:\users\andrzej\documents\vs2015\projects\modelowaniegeometryczne1\modelowaniegeometryczne1\debug\beziercurvec0.obj
c:\users\andrzej\documents\vs2015\projects\modelowaniegeometryczne1\modelowaniegeometryczne1\debug\3dmath.obj
c:\users\andrzej\documents\vs2015\projects\modelowaniegeometryczne1\modelowaniegeometryczne1\debug\uipoint3d.obj
c:\users\andrzej\documents\vs2015\projects\modelowaniegeometryczne1\modelowaniegeometryczne1\debug\uicursor3d.obj
c:\users\andrzej\documents\vs2015\projects\modelowaniegeometryczne1\modelowaniegeometryczne1\debug\uiconnector.obj
c:\users\andrzej\documents\vs2015\projects\modelowaniegeometryczne1\modelowaniegeometryczne1\debug\uibeziercurvec2.obj
c:\users\andrzej\documents\vs2015\projects\modelowaniegeometryczne1\modelowaniegeometryczne1\debug\uibeziercurvec0.obj
c:\users\andrzej\documents\vs2015\projects\modelowaniegeometryczne1\modelowaniegeometryczne1\debug\float3.obj
c:\users\andrzej\documents\vs2015\projects\modelowaniegeometryczne1\modelowaniegeometryczne1\debug\torus.obj
c:\users\andrzej\documents\vs2015\projects\modelowaniegeometryczne1\modelowaniegeometryczne1\debug\scene.obj
c:\users\andrzej\documents\vs2015\projects\modelowaniegeometryczne1\modelowaniegeometryczne1\debug\point3d.obj
c:\users\andrzej\documents\vs2015\projects\modelowaniegeometryczne1\modelowaniegeometryczne1\debug\listwidgetmain.obj
c:\users\andrzej\documents\vs2015\projects\modelowaniegeometryczne1\modelowaniegeometryczne1\debug\myglwidget.obj
c:\users\andrzej\documents\vs2015\projects\modelowaniegeometryczne1\modelowaniegeometryczne1\debug\modelowaniegeometryczne1.obj
c:\users\andrzej\documents\vs2015\projects\modelowaniegeometryczne1\modelowaniegeometryczne1\debug\main.obj
c:\users\andrzej\documents\vs2015\projects\modelowaniegeometryczne1\modelowaniegeometryczne1\debug\listwidgetbc2.obj
c:\users\andrzej\documents\vs2015\projects\modelowaniegeometryczne1\modelowaniegeometryczne1\debug\listwidgetbc0.obj
c:\users\andrzej\documents\vs2015\projects\modelowaniegeometryczne1\modelowaniegeometryczne1\debug\moc_uitorus.obj
c:\users\andrzej\documents\vs2015\projects\modelowaniegeometryczne1\modelowaniegeometryczne1\debug\moc_uipoint3d.obj
c:\users\andrzej\documents\vs2015\projects\modelowaniegeometryczne1\modelowaniegeometryczne1\debug\moc_uicursor3d.obj
c:\users\andrzej\documents\vs2015\projects\modelowaniegeometryczne1\modelowaniegeometryczne1\debug\moc_uiconnector.obj
c:\users\andrzej\documents\vs2015\projects\modelowaniegeometryczne1\modelowaniegeometryczne1\debug\moc_uibeziercurvec2.obj
c:\users\andrzej\documents\vs2015\projects\modelowaniegeometryczne1\modelowaniegeometryczne1\debug\uitorus.obj
c:\users\andrzej\documents\vs2015\projects\modelowaniegeometryczne1\modelowaniegeometryczne1\debug\qrc_modelowaniegeometryczne1.obj
c:\users\andrzej\documents\vs2015\projects\modelowaniegeometryczne1\modelowaniegeometryczne1\generatedfiles\debug\moc_modelowaniegeometryczne1.cpp
c:\users\andrzej\documents\vs2015\projects\modelowaniegeometryczne1\modelowaniegeometryczne1\generatedfiles\ui_modelowaniegeometryczne1.h
c:\users\andrzej\documents\vs2015\projects\modelowaniegeometryczne1\modelowaniegeometryczne1\generatedfiles\debug\moc_uiconnector.cpp
c:\users\andrzej\documents\vs2015\projects\modelowaniegeometryczne1\modelowaniegeometryczne1\generatedfiles\debug\moc_uicursor3d.cpp
c:\users\andrzej\documents\vs2015\projects\modelowaniegeometryczne1\modelowaniegeometryczne1\generatedfiles\debug\moc_listwidgetbc2.cpp
c:\users\andrzej\documents\vs2015\projects\modelowaniegeometryczne1\modelowaniegeometryczne1\generatedfiles\debug\moc_uibeziercurvec2.cpp
c:\users\andrzej\documents\vs2015\projects\modelowaniegeometryczne1\modelowaniegeometryczne1\generatedfiles\debug\moc_comboboxbeziercurvec0.cpp
c:\users\andrzej\documents\vs2015\projects\modelowaniegeometryczne1\modelowaniegeometryczne1\generatedfiles\debug\moc_comboboxtorus.cpp
c:\users\andrzej\documents\vs2015\projects\modelowaniegeometryczne1\modelowaniegeometryczne1\generatedfiles\debug\moc_listwidgetmain.cpp
c:\users\andrzej\documents\vs2015\projects\modelowaniegeometryczne1\modelowaniegeometryczne1\generatedfiles\debug\moc_listwidgetbc0.cpp
c:\users\andrzej\documents\vs2015\projects\modelowaniegeometryczne1\modelowaniegeometryczne1\generatedfiles\debug\moc_uibeziercurvec0.cpp
c:\users\andrzej\documents\vs2015\projects\modelowaniegeometryczne1\modelowaniegeometryczne1\generatedfiles\debug\moc_uipoint3d.cpp
c:\users\andrzej\documents\vs2015\projects\modelowaniegeometryczne1\modelowaniegeometryczne1\generatedfiles\debug\moc_uitorus.cpp
c:\users\andrzej\documents\vs2015\projects\modelowaniegeometryczne1\modelowaniegeometryczne1\generatedfiles\debug\moc_scene.cpp
c:\users\andrzej\documents\vs2015\projects\modelowaniegeometryczne1\modelowaniegeometryczne1\generatedfiles\debug\moc_myglwidget.cpp
c:\users\andrzej\documents\vs2015\projects\modelowaniegeometryczne1\modelowaniegeometryczne1\generatedfiles\qrc_modelowaniegeometryczne1.cpp
c:\users\andrzej\documents\vs2015\projects\modelowaniegeometryczne1\modelowaniegeometryczne1\generatedfiles\ui_myglwidget.h
c:\users\andrzej\documents\vs2015\projects\modelowaniegeometryczne1\win32\debug\modelowaniegeometryczne1.ilk
c:\users\andrzej\documents\vs2015\projects\modelowaniegeometryczne1\win32\debug\modelowaniegeometryczne1.exe
c:\users\andrzej\documents\vs2015\projects\modelowaniegeometryczne1\win32\debug\modelowaniegeometryczne1.pdb
c:\users\andrzej\documents\vs2015\projects\modelowaniegeometryczne1\modelowaniegeometryczne1\debug\modelowa.b12702ad.tlog\cl.command.1.tlog
c:\users\andrzej\documents\vs2015\projects\modelowaniegeometryczne1\modelowaniegeometryczne1\debug\modelowa.b12702ad.tlog\cl.read.1.tlog
c:\users\andrzej\documents\vs2015\projects\modelowaniegeometryczne1\modelowaniegeometryczne1\debug\modelowa.b12702ad.tlog\cl.write.1.tlog
c:\users\andrzej\documents\vs2015\projects\modelowaniegeometryczne1\modelowaniegeometryczne1\debug\modelowa.b12702ad.tlog\custombuild.command.1.tlog
c:\users\andrzej\documents\vs2015\projects\modelowaniegeometryczne1\modelowaniegeometryczne1\debug\modelowa.b12702ad.tlog\custombuild.read.1.tlog
c:\users\andrzej\documents\vs2015\projects\modelowaniegeometryczne1\modelowaniegeometryczne1\debug\modelowa.b12702ad.tlog\custombuild.write.1.tlog
c:\users\andrzej\documents\vs2015\projects\modelowaniegeometryczne1\modelowaniegeometryczne1\debug\modelowa.b12702ad.tlog\link.command.1.tlog
c:\users\andrzej\documents\vs2015\projects\modelowaniegeometryczne1\modelowaniegeometryczne1\debug\modelowa.b12702ad.tlog\link.read.1.tlog
c:\users\andrzej\documents\vs2015\projects\modelowaniegeometryczne1\modelowaniegeometryczne1\debug\modelowa.b12702ad.tlog\link.write.1.tlog
